[0m07:12:32.524586 [debug] [MainThread]: Sending event: {'category': 'dbt', 'action': 'invocation', 'label': 'start', 'context': [<snowplow_tracker.self_describing_json.SelfDescribingJson object at 0x0000023A30CD0CD0>, <snowplow_tracker.self_describing_json.SelfDescribingJson object at 0x0000023A31DB03A0>, <snowplow_tracker.self_describing_json.SelfDescribingJson object at 0x0000023A31DB01C0>]}


============================== 07:12:32.537530 | 066f42b7-9347-413b-999d-f86cb3600ff1 ==============================
[0m07:12:32.537530 [info ] [MainThread]: Running with dbt=1.11.5
[0m07:12:32.540559 [debug] [MainThread]: running dbt with arguments {'static_parser': 'True', 'no_print': 'None', 'version_check': 'True', 'warn_error_options': 'WarnErrorOptionsV2(error=[], warn=[], silence=[])', 'target_path': 'None', 'printer_width': '80', 'write_json': 'True', 'introspect': 'True', 'log_cache_events': 'False', 'empty': 'None', 'cache_selected_only': 'False', 'fail_fast': 'False', 'debug': 'False', 'log_format': 'default', 'partial_parse': 'True', 'send_anonymous_usage_stats': 'True', 'quiet': 'False', 'warn_error': 'None', 'profiles_dir': 'C:\\Users\\shank\\.dbt', 'indirect_selection': 'eager', 'invocation_command': 'dbt init', 'use_colors': 'True', 'use_experimental_parser': 'False', 'log_path': 'logs'}
[0m07:13:17.316779 [debug] [MainThread]: Starter project path: C:\Users\shank\AppData\Local\Programs\Python\Python310\lib\site-packages\dbt\include\starter_project
[0m07:13:17.370642 [info ] [MainThread]: 
Your new dbt project "police_dbt_project" was created!

For more information on how to configure the profiles.yml file,
please consult the dbt documentation here:

  https://docs.getdbt.com/docs/configure-your-profile

One more thing:

Need help? Don't hesitate to reach out to us via GitHub issues or on Slack:

  https://community.getdbt.com/

Happy modeling!

[0m07:13:17.372247 [info ] [MainThread]: Setting up your profile.
[0m07:13:24.231277 [debug] [MainThread]: Snowflake adapter: Setting snowflake.connector to ERROR (file logging only)
[0m07:13:24.231277 [debug] [MainThread]: Snowflake adapter: Setting botocore to ERROR (file logging only)
[0m07:13:24.241299 [debug] [MainThread]: Snowflake adapter: Setting boto3 to ERROR (file logging only)
[0m07:14:58.017955 [info ] [MainThread]: Profile police_dbt_project written to C:\Users\shank\.dbt\profiles.yml using target's profile_template.yml and your supplied values. Run 'dbt debug' to validate the connection.
[0m07:14:58.023806 [debug] [MainThread]: Command `dbt init` succeeded at 07:14:58.023806 after 145.67 seconds
[0m07:14:58.025833 [debug] [MainThread]: Sending event: {'category': 'dbt', 'action': 'invocation', 'label': 'end', 'context': [<snowplow_tracker.self_describing_json.SelfDescribingJson object at 0x0000023A30CD0CD0>, <snowplow_tracker.self_describing_json.SelfDescribingJson object at 0x0000023A31DB0160>, <snowplow_tracker.self_describing_json.SelfDescribingJson object at 0x0000023A31DB04C0>]}
[0m07:14:58.027857 [debug] [MainThread]: Flushing usage events
[0m07:14:59.196328 [debug] [MainThread]: An error was encountered while trying to flush usage events
[0m07:15:20.183752 [debug] [MainThread]: Sending event: {'category': 'dbt', 'action': 'invocation', 'label': 'start', 'context': [<snowplow_tracker.self_describing_json.SelfDescribingJson object at 0x000001ABC99E0D00>, <snowplow_tracker.self_describing_json.SelfDescribingJson object at 0x000001ABCAAC03D0>, <snowplow_tracker.self_describing_json.SelfDescribingJson object at 0x000001ABCAAC01F0>]}


============================== 07:15:20.192157 | bc577c19-125f-4f00-b46e-322aa40f01f2 ==============================
[0m07:15:20.192157 [info ] [MainThread]: Running with dbt=1.11.5
[0m07:15:20.193914 [debug] [MainThread]: running dbt with arguments {'version_check': 'True', 'no_print': 'None', 'static_parser': 'True', 'warn_error_options': 'WarnErrorOptionsV2(error=[], warn=[], silence=[])', 'target_path': 'None', 'printer_width': '80', 'write_json': 'True', 'empty': 'None', 'log_cache_events': 'False', 'introspect': 'True', 'cache_selected_only': 'False', 'log_format': 'default', 'debug': 'False', 'fail_fast': 'False', 'partial_parse': 'True', 'send_anonymous_usage_stats': 'True', 'quiet': 'False', 'warn_error': 'None', 'profiles_dir': 'C:\\Users\\shank\\.dbt', 'indirect_selection': 'eager', 'invocation_command': 'dbt debug', 'use_colors': 'True', 'use_experimental_parser': 'False', 'log_path': 'logs'}
[0m07:15:20.225871 [info ] [MainThread]: dbt version: 1.11.5
[0m07:15:20.225871 [info ] [MainThread]: python version: 3.10.8
[0m07:15:20.234529 [info ] [MainThread]: python path: C:\Users\shank\AppData\Local\Programs\Python\Python310\python.exe
[0m07:15:20.236769 [info ] [MainThread]: os info: Windows-10-10.0.26200-SP0
[0m07:15:21.571089 [debug] [MainThread]: Snowflake adapter: Setting snowflake.connector to ERROR (file logging only)
[0m07:15:21.571089 [debug] [MainThread]: Snowflake adapter: Setting botocore to ERROR (file logging only)
[0m07:15:21.571089 [debug] [MainThread]: Snowflake adapter: Setting boto3 to ERROR (file logging only)
[0m07:15:21.698269 [info ] [MainThread]: Using profiles dir at C:\Users\shank\.dbt
[0m07:15:21.700296 [info ] [MainThread]: Using profiles.yml file at C:\Users\shank\.dbt\profiles.yml
[0m07:15:21.700296 [info ] [MainThread]: Using dbt_project.yml file at C:\Users\shank\OneDrive\Desktop\Police_Incident\dbt_project.yml
[0m07:15:21.702312 [error] [MainThread]: Encountered an error:
Internal Error
  Profile should not be None if loading profile completed
[0m07:15:21.706412 [debug] [MainThread]: Command `dbt debug` failed at 07:15:21.706412 after 1.69 seconds
[0m07:15:21.709239 [debug] [MainThread]: Sending event: {'category': 'dbt', 'action': 'invocation', 'label': 'end', 'context': [<snowplow_tracker.self_describing_json.SelfDescribingJson object at 0x000001ABC99E0D00>, <snowplow_tracker.self_describing_json.SelfDescribingJson object at 0x000001ABCAAA6830>, <snowplow_tracker.self_describing_json.SelfDescribingJson object at 0x000001ABCAA39E40>]}
[0m07:15:21.709239 [debug] [MainThread]: Flushing usage events
[0m07:15:22.826982 [debug] [MainThread]: An error was encountered while trying to flush usage events
[0m07:16:52.757543 [debug] [MainThread]: Sending event: {'category': 'dbt', 'action': 'invocation', 'label': 'start', 'context': [<snowplow_tracker.self_describing_json.SelfDescribingJson object at 0x0000029489E50D90>, <snowplow_tracker.self_describing_json.SelfDescribingJson object at 0x000002948AF303D0>, <snowplow_tracker.self_describing_json.SelfDescribingJson object at 0x000002948AF301F0>]}


============================== 07:16:52.765774 | 0a64c5a5-9cb8-4ec9-b41c-c807b6ffcfd7 ==============================
[0m07:16:52.765774 [info ] [MainThread]: Running with dbt=1.11.5
[0m07:16:52.765774 [debug] [MainThread]: running dbt with arguments {'version_check': 'True', 'no_print': 'None', 'static_parser': 'True', 'target_path': 'None', 'warn_error_options': 'WarnErrorOptionsV2(error=[], warn=[], silence=[])', 'printer_width': '80', 'write_json': 'True', 'introspect': 'True', 'log_cache_events': 'False', 'empty': 'None', 'cache_selected_only': 'False', 'log_format': 'default', 'debug': 'False', 'fail_fast': 'False', 'profiles_dir': 'C:\\Users\\shank\\.dbt', 'send_anonymous_usage_stats': 'True', 'quiet': 'False', 'warn_error': 'None', 'partial_parse': 'True', 'use_colors': 'True', 'indirect_selection': 'eager', 'invocation_command': 'dbt debug', 'use_experimental_parser': 'False', 'log_path': 'logs'}
[0m07:16:52.803786 [info ] [MainThread]: dbt version: 1.11.5
[0m07:16:52.805799 [info ] [MainThread]: python version: 3.10.8
[0m07:16:52.809217 [info ] [MainThread]: python path: C:\Users\shank\AppData\Local\Programs\Python\Python310\python.exe
[0m07:16:52.809217 [info ] [MainThread]: os info: Windows-10-10.0.26200-SP0
[0m07:16:54.106659 [debug] [MainThread]: Snowflake adapter: Setting snowflake.connector to ERROR (file logging only)
[0m07:16:54.106659 [debug] [MainThread]: Snowflake adapter: Setting botocore to ERROR (file logging only)
[0m07:16:54.106659 [debug] [MainThread]: Snowflake adapter: Setting boto3 to ERROR (file logging only)
[0m07:16:54.234444 [info ] [MainThread]: Using profiles dir at C:\Users\shank\.dbt
[0m07:16:54.234444 [info ] [MainThread]: Using profiles.yml file at C:\Users\shank\.dbt\profiles.yml
[0m07:16:54.234444 [info ] [MainThread]: Using dbt_project.yml file at C:\Users\shank\OneDrive\Desktop\Police_Incident\dbt_project.yml
[0m07:16:54.234444 [error] [MainThread]: Encountered an error:
Internal Error
  Profile should not be None if loading profile completed
[0m07:16:54.234444 [debug] [MainThread]: Command `dbt debug` failed at 07:16:54.234444 after 1.65 seconds
[0m07:16:54.234444 [debug] [MainThread]: Sending event: {'category': 'dbt', 'action': 'invocation', 'label': 'end', 'context': [<snowplow_tracker.self_describing_json.SelfDescribingJson object at 0x0000029489E50D90>, <snowplow_tracker.self_describing_json.SelfDescribingJson object at 0x000002948AF16B60>, <snowplow_tracker.self_describing_json.SelfDescribingJson object at 0x000002949BFE3760>]}
[0m07:16:54.250272 [debug] [MainThread]: Flushing usage events
[0m07:16:55.455014 [debug] [MainThread]: An error was encountered while trying to flush usage events
